program_name: thread-pool-server
1385120042.812385270 Thread2554929600 ENTER pthread_create (Thread0,(nil),handle_requests_loop,0x11d8830) -
1385120042.812406265 Thread2554929600 EXIT pthread_create (Thread2557032192,(nil),handle_requests_loop,0x11d8830) 0
1385120042.812408044 Thread2554929600 ENTER pthread_mutex_lock (Mutex6301792) -
1385120042.812408653 Thread2554929600 EXIT pthread_mutex_lock (Mutex6301792) 0
1385120042.812409578 Thread2554929600 ENTER pthread_mutex_unlock (Mutex6301792) -
1385120042.812410092 Thread2554929600 EXIT pthread_mutex_unlock (Mutex6301792) 0
1385120042.812410909 Thread2554929600 ENTER pthread_cond_signal (Cond6301888) -
1385120042.812412763 Thread2554929600 EXIT pthread_cond_signal (Cond6301888) 0
1385120042.812413470 Thread2554929600 ENTER pthread_mutex_lock (Mutex6301792) -
1385120042.812413870 Thread2554929600 EXIT pthread_mutex_lock (Mutex6301792) 0
1385120042.812414397 Thread2554929600 ENTER pthread_mutex_unlock (Mutex6301792) -
1385120042.812414788 Thread2554929600 EXIT pthread_mutex_unlock (Mutex6301792) 0
1385120042.812416039 Thread2554929600 ENTER pthread_mutex_lock (Mutex6301792) -
1385120042.812416420 Thread2554929600 EXIT pthread_mutex_lock (Mutex6301792) 0
1385120042.812416943 Thread2554929600 ENTER pthread_mutex_unlock (Mutex6301792) -
1385120042.812417314 Thread2554929600 EXIT pthread_mutex_unlock (Mutex6301792) 0
1385120042.812417814 Thread2554929600 ENTER pthread_cond_signal (Cond6301888) -
1385120042.812418225 Thread2554929600 EXIT pthread_cond_signal (Cond6301888) 0
1385120042.812418746 Thread2554929600 ENTER pthread_mutex_lock (Mutex6301792) -
1385120042.812419119 Thread2554929600 EXIT pthread_mutex_lock (Mutex6301792) 0
1385120042.812419614 Thread2554929600 ENTER pthread_mutex_unlock (Mutex6301792) -
1385120042.812419985 Thread2554929600 EXIT pthread_mutex_unlock (Mutex6301792) 0
1385120042.812420568 Thread2554929600 ENTER pthread_mutex_lock (Mutex6301792) -
1385120042.812420946 Thread2554929600 EXIT pthread_mutex_lock (Mutex6301792) 0
1385120042.812421434 Thread2554929600 ENTER pthread_mutex_unlock (Mutex6301792) -
1385120042.812421799 Thread2554929600 EXIT pthread_mutex_unlock (Mutex6301792) 0
1385120042.812422301 Thread2554929600 ENTER pthread_cond_signal (Cond6301888) -
1385120042.812422692 Thread2554929600 EXIT pthread_cond_signal (Cond6301888) 0
1385120042.812423194 Thread2554929600 ENTER pthread_mutex_lock (Mutex6301792) -
1385120042.812423562 Thread2554929600 EXIT pthread_mutex_lock (Mutex6301792) 0
1385120042.812424058 Thread2554929600 ENTER pthread_mutex_unlock (Mutex6301792) -
1385120042.812424430 Thread2554929600 EXIT pthread_mutex_unlock (Mutex6301792) 0
1385120042.812424976 Thread2554929600 ENTER pthread_mutex_lock (Mutex6301792) -
1385120042.812425348 Thread2554929600 EXIT pthread_mutex_lock (Mutex6301792) 0
1385120042.812425836 Thread2554929600 ENTER pthread_mutex_unlock (Mutex6301792) -
1385120042.812426206 Thread2554929600 EXIT pthread_mutex_unlock (Mutex6301792) 0
1385120042.812426691 Thread2554929600 ENTER pthread_cond_signal (Cond6301888) -
1385120042.812427073 Thread2554929600 EXIT pthread_cond_signal (Cond6301888) 0
1385120042.812427567 Thread2554929600 ENTER pthread_mutex_lock (Mutex6301792) -
1385120042.812427938 Thread2554929600 EXIT pthread_mutex_lock (Mutex6301792) 0
1385120042.812428455 Thread2554929600 ENTER pthread_mutex_unlock (Mutex6301792) -
1385120042.812428829 Thread2554929600 EXIT pthread_mutex_unlock (Mutex6301792) 0
1385120042.812479784 Thread2554929600 ENTER pthread_create (Thread0,(nil),handle_requests_loop,0x11d8a60) -
1385120042.812491049 Thread2554929600 EXIT pthread_create (Thread2559137536,(nil),handle_requests_loop,0x11d8a60) 0
1385120042.812492058 Thread2554929600 ENTER pthread_mutex_lock (Mutex6301792) -
1385120042.812492451 Thread2554929600 EXIT pthread_mutex_lock (Mutex6301792) 0
1385120042.812492968 Thread2554929600 ENTER pthread_mutex_unlock (Mutex6301792) -
1385120042.812493397 Thread2554929600 EXIT pthread_mutex_unlock (Mutex6301792) 0
1385120042.812493915 Thread2554929600 ENTER pthread_cond_signal (Cond6301888) -
1385120042.812494335 Thread2554929600 EXIT pthread_cond_signal (Cond6301888) 0
1385120042.812506833 Thread2554929600 ENTER pthread_mutex_lock (Mutex6301792) -
1385120042.812507219 Thread2554929600 EXIT pthread_mutex_lock (Mutex6301792) 0
1385120042.812507731 Thread2554929600 ENTER pthread_mutex_unlock (Mutex6301792) -
1385120042.812508098 Thread2554929600 EXIT pthread_mutex_unlock (Mutex6301792) 0
1385120042.812571530 Thread2559137536 ENTER pthread_mutex_lock (Mutex6301792) -
1385120042.812572068 Thread2559137536 EXIT pthread_mutex_lock (Mutex6301792) 0
1385120042.812572615 Thread2559137536 ENTER pthread_mutex_lock (Mutex6301792) -
1385120042.812573017 Thread2559137536 EXIT pthread_mutex_lock (Mutex6301792) 0
1385120042.812573519 Thread2559137536 ENTER pthread_mutex_unlock (Mutex6301792) -
1385120042.812573933 Thread2559137536 EXIT pthread_mutex_unlock (Mutex6301792) 0
1385120042.812574475 Thread2559137536 ENTER pthread_mutex_lock (Mutex6301792) -
1385120042.812574864 Thread2559137536 EXIT pthread_mutex_lock (Mutex6301792) 0
1385120042.812575385 Thread2559137536 ENTER pthread_mutex_unlock (Mutex6301792) -
1385120042.812575743 Thread2559137536 EXIT pthread_mutex_unlock (Mutex6301792) 0
1385120042.812782079 Thread2559137536 ENTER pthread_mutex_lock (Mutex6301792) -
1385120042.812782464 Thread2559137536 EXIT pthread_mutex_lock (Mutex6301792) 0
1385120042.812782956 Thread2559137536 ENTER pthread_mutex_unlock (Mutex6301792) -
1385120042.812783326 Thread2559137536 EXIT pthread_mutex_unlock (Mutex6301792) 0
1385120042.812783829 Thread2559137536 ENTER pthread_mutex_lock (Mutex6301792) -
1385120042.812784203 Thread2559137536 EXIT pthread_mutex_lock (Mutex6301792) 0
1385120042.812784703 Thread2559137536 ENTER pthread_mutex_unlock (Mutex6301792) -
1385120042.812785074 Thread2559137536 EXIT pthread_mutex_unlock (Mutex6301792) 0
1385120042.812986042 Thread2559137536 ENTER pthread_mutex_lock (Mutex6301792) -
1385120042.812986460 Thread2559137536 EXIT pthread_mutex_lock (Mutex6301792) 0
1385120042.812986967 Thread2559137536 ENTER pthread_mutex_unlock (Mutex6301792) -
1385120042.812987340 Thread2559137536 EXIT pthread_mutex_unlock (Mutex6301792) 0
1385120042.812987837 Thread2559137536 ENTER pthread_mutex_lock (Mutex6301792) -
1385120042.812988188 Thread2559137536 EXIT pthread_mutex_lock (Mutex6301792) 0
1385120042.812988697 Thread2559137536 ENTER pthread_mutex_unlock (Mutex6301792) -
1385120042.812989056 Thread2559137536 EXIT pthread_mutex_unlock (Mutex6301792) 0
1385120042.813276717 Thread2554929600 ENTER pthread_mutex_lock (Mutex6301792) -
1385120042.813588772 Thread2559137536 ENTER pthread_mutex_lock (Mutex6301792) -
1385120042.813637054 Thread2559137536 EXIT pthread_mutex_lock (Mutex6301792) 0
1385120042.813681002 Thread2559137536 ENTER pthread_mutex_unlock (Mutex6301792) -
1385120042.813720740 Thread2559137536 EXIT pthread_mutex_unlock (Mutex6301792) 0
1385120042.813756945 Thread2559137536 ENTER pthread_mutex_lock (Mutex6301792) -
1385120042.813789652 Thread2559137536 EXIT pthread_mutex_lock (Mutex6301792) 0
1385120042.813819545 Thread2559137536 ENTER pthread_mutex_unlock (Mutex6301792) -
1385120042.813846585 Thread2559137536 EXIT pthread_mutex_unlock (Mutex6301792) 0
1385120042.814104008 Thread2559137536 ENTER pthread_mutex_lock (Mutex6301792) -
1385120042.814125332 Thread2559137536 EXIT pthread_mutex_lock (Mutex6301792) 0
1385120042.814144940 Thread2559137536 ENTER pthread_mutex_unlock (Mutex6301792) -
1385120042.814162705 Thread2559137536 EXIT pthread_mutex_unlock (Mutex6301792) 0
1385120042.814179100 Thread2559137536 ENTER pthread_mutex_lock (Mutex6301792) -
1385120042.814193951 Thread2559137536 EXIT pthread_mutex_lock (Mutex6301792) 0
1385120042.814207760 Thread2559137536 ENTER pthread_mutex_unlock (Mutex6301792) -
1385120042.814220260 Thread2559137536 EXIT pthread_mutex_unlock (Mutex6301792) 0
1385120042.814465984 Thread2559137536 ENTER pthread_mutex_lock (Mutex6301792) -
1385120042.814475454 Thread2559137536 EXIT pthread_mutex_lock (Mutex6301792) 0
1385120042.814484371 Thread2559137536 ENTER pthread_mutex_unlock (Mutex6301792) -
1385120042.814501655 Thread2559137536 EXIT pthread_mutex_unlock (Mutex6301792) 0
1385120042.814510796 Thread2559137536 ENTER pthread_cond_wait (Cond6301888,Mutex6301792) -
1385120042.814525875 Thread2554929600 EXIT pthread_mutex_lock (Cond6301888,Mutex6301792) 0
1385120042.814532690 Thread2554929600 ENTER pthread_mutex_unlock (Mutex6301792) -
1385120042.814538557 Thread2554929600 EXIT pthread_mutex_unlock (Mutex6301792) 0
1385120042.814544064 Thread2554929600 ENTER pthread_cond_signal (Cond6301888) -
1385120042.814672018 Thread2557032192 ENTER pthread_mutex_lock (Mutex6301792) -
1385120042.814672560 Thread2557032192 EXIT pthread_mutex_lock (Mutex6301792) 0
1385120042.814673105 Thread2557032192 ENTER pthread_mutex_lock (Mutex6301792) -
1385120042.814673455 Thread2557032192 EXIT pthread_mutex_lock (Mutex6301792) 0
1385120042.814673958 Thread2557032192 ENTER pthread_mutex_unlock (Mutex6301792) -
1385120042.814674333 Thread2557032192 EXIT pthread_mutex_unlock (Mutex6301792) 0
1385120042.814674867 Thread2557032192 ENTER pthread_mutex_lock (Mutex6301792) -
1385120042.814675219 Thread2557032192 EXIT pthread_mutex_lock (Mutex6301792) 0
1385120042.814675704 Thread2557032192 ENTER pthread_mutex_unlock (Mutex6301792) -
1385120042.814676063 Thread2557032192 EXIT pthread_mutex_unlock (Mutex6301792) 0
1385120042.814881718 Thread2557032192 ENTER pthread_mutex_lock (Mutex6301792) -
1385120042.814882074 Thread2557032192 EXIT pthread_mutex_lock (Mutex6301792) 0
1385120042.814882551 Thread2557032192 ENTER pthread_mutex_unlock (Mutex6301792) -
1385120042.814882909 Thread2557032192 EXIT pthread_mutex_unlock (Mutex6301792) 0
1385120042.814883522 Thread2557032192 ENTER pthread_cond_wait (Cond6301888,Mutex6301792) -
1385120042.814886488 Thread2554929600 EXIT pthread_cond_signal (Cond6301888,Mutex6301792) 0
1385120042.814887223 Thread2554929600 ENTER pthread_mutex_lock (Mutex6301792) -
1385120042.814888763 Thread2554929600 EXIT pthread_mutex_lock (Mutex6301792) 0
1385120042.814889324 Thread2554929600 ENTER pthread_mutex_unlock (Mutex6301792) -
1385120042.814889800 Thread2554929600 EXIT pthread_mutex_unlock (Mutex6301792) 0
1385120042.814893164 Thread2554929600 ENTER pthread_cancel (Thread2557032192) -
1385120042.814939723 Thread2554929600 EXIT pthread_cancel (Thread2557032192) 0
1385120042.814941400 Thread2554929600 ENTER pthread_mutex_lock (Mutex6301792) -
1385120042.814941818 Thread2554929600 EXIT pthread_mutex_lock (Mutex6301792) 0
1385120042.814942368 Thread2554929600 ENTER pthread_mutex_unlock (Mutex6301792) -
1385120042.814942752 Thread2554929600 EXIT pthread_mutex_unlock (Mutex6301792) 0
1385120042.814943282 Thread2554929600 ENTER pthread_cond_signal (Cond6301888) -
1385120042.814964006 Thread2554929600 EXIT pthread_cond_signal (Cond6301888) 0
1385120042.814965065 Thread2554929600 ENTER pthread_mutex_lock (Mutex6301792) -
1385120042.814965447 Thread2554929600 EXIT pthread_mutex_lock (Mutex6301792) 0
1385120042.814965950 Thread2554929600 ENTER pthread_mutex_unlock (Mutex6301792) -
1385120042.814966322 Thread2554929600 EXIT pthread_mutex_unlock (Mutex6301792) 0
1385120042.814966967 Thread2554929600 ENTER pthread_mutex_lock (Mutex6301792) -
1385120042.814967336 Thread2554929600 EXIT pthread_mutex_lock (Mutex6301792) 0
1385120042.814967849 Thread2554929600 ENTER pthread_mutex_unlock (Mutex6301792) -
1385120042.814968210 Thread2554929600 EXIT pthread_mutex_unlock (Mutex6301792) 0
1385120042.814968700 Thread2554929600 ENTER pthread_cond_signal (Cond6301888) -
1385120042.814969104 Thread2554929600 EXIT pthread_cond_signal (Cond6301888) 0
1385120042.814969596 Thread2554929600 ENTER pthread_mutex_lock (Mutex6301792) -
1385120042.814969961 Thread2554929600 EXIT pthread_mutex_lock (Mutex6301792) 0
1385120042.814970453 Thread2554929600 ENTER pthread_mutex_unlock (Mutex6301792) -
1385120042.814970823 Thread2554929600 EXIT pthread_mutex_unlock (Mutex6301792) 0
1385120042.814971348 Thread2554929600 ENTER pthread_mutex_lock (Mutex6301792) -
1385120042.814971713 Thread2554929600 EXIT pthread_mutex_lock (Mutex6301792) 0
1385120042.814972982 Thread2554929600 ENTER pthread_cond_broadcast (Cond6301888) -
1385120042.814980110 Thread2554929600 EXIT pthread_cond_broadcast (Cond6301888) 0
1385120042.814980749 Thread2554929600 ENTER pthread_mutex_unlock (Mutex6301792) -
1385120042.814981124 Thread2554929600 EXIT pthread_mutex_unlock (Mutex6301792) 0
1385120042.814982230 Thread2554929600 ENTER pthread_join (Thread2559137536,0x7ffffd8780d0) -
1385120042.814989339 Thread2557032192 ENTER pthread_mutex_lock (Mutex47719648060448) -
1385120042.814989872 Thread2557032192 EXIT pthread_mutex_lock (Mutex47719648060448) 0
1385120042.814990825 Thread2557032192 ENTER pthread_mutex_unlock (Mutex47719648060448) -
1385120042.814991245 Thread2557032192 EXIT pthread_mutex_unlock (Mutex47719648060448) 0
1385120042.815000480 Thread2557032192 ENTER pthread_mutex_lock (Mutex47719648060448) -
1385120042.815000913 Thread2557032192 EXIT pthread_mutex_lock (Mutex47719648060448) 0
1385120042.815001494 Thread2557032192 ENTER pthread_mutex_unlock (Mutex47719648060448) -
1385120042.815001876 Thread2557032192 EXIT pthread_mutex_unlock (Mutex47719648060448) 0
1385120042.815005910 Thread2557032192 ENTER pthread_mutex_lock (Mutex47719648060448) -
1385120042.815006329 Thread2557032192 EXIT pthread_mutex_lock (Mutex47719648060448) 0
1385120042.815006850 Thread2557032192 ENTER pthread_mutex_unlock (Mutex47719648060448) -
1385120042.815007230 Thread2557032192 EXIT pthread_mutex_unlock (Mutex47719648060448) 0
1385120042.815008096 Thread2557032192 ENTER pthread_mutex_lock (Mutex47719648060448) -
1385120042.815008485 Thread2557032192 EXIT pthread_mutex_lock (Mutex47719648060448) 0
1385120042.815009011 Thread2557032192 ENTER pthread_mutex_unlock (Mutex47719648060448) -
1385120042.815009392 Thread2557032192 EXIT pthread_mutex_unlock (Mutex47719648060448) 0
1385120042.815015399 Thread2557032192 ENTER pthread_mutex_lock (Mutex47719648060448) -
1385120042.815015844 Thread2557032192 EXIT pthread_mutex_lock (Mutex47719648060448) 0
1385120042.815016365 Thread2557032192 ENTER pthread_mutex_unlock (Mutex47719648060448) -
1385120042.815016759 Thread2557032192 EXIT pthread_mutex_unlock (Mutex47719648060448) 0
1385120042.815018058 Thread2557032192 ENTER pthread_mutex_lock (Mutex47719648060448) -
1385120042.815018453 Thread2557032192 EXIT pthread_mutex_lock (Mutex47719648060448) 0
1385120042.815018973 Thread2557032192 ENTER pthread_mutex_unlock (Mutex47719648060448) -
1385120042.815019355 Thread2557032192 EXIT pthread_mutex_unlock (Mutex47719648060448) 0
1385120042.815020557 Thread2557032192 ENTER pthread_mutex_lock (Mutex47719648060448) -
1385120042.815020970 Thread2557032192 EXIT pthread_mutex_lock (Mutex47719648060448) 0
1385120042.815021492 Thread2557032192 ENTER pthread_mutex_unlock (Mutex47719648060448) -
1385120042.815021877 Thread2557032192 EXIT pthread_mutex_unlock (Mutex47719648060448) 0
1385120042.815023541 Thread2557032192 ENTER pthread_mutex_unlock (Mutex6301792) -
1385120042.815024092 Thread2557032192 EXIT pthread_mutex_unlock (Mutex6301792) 0
1385120042.815025118 Thread2557032192 ENTER pthread_mutex_lock (Mutex47719648060448) -
1385120042.815025521 Thread2557032192 EXIT pthread_mutex_lock (Mutex47719648060448) 0
1385120042.815026046 Thread2557032192 ENTER pthread_mutex_unlock (Mutex47719648060448) -
1385120042.815026424 Thread2557032192 EXIT pthread_mutex_unlock (Mutex47719648060448) 0
1385120042.815027471 Thread2557032192 ENTER pthread_mutex_lock (Mutex47719648060448) -
1385120042.815027867 Thread2557032192 EXIT pthread_mutex_lock (Mutex47719648060448) 0
1385120042.815028388 Thread2557032192 ENTER pthread_mutex_unlock (Mutex47719648060448) -
1385120042.815028765 Thread2557032192 EXIT pthread_mutex_unlock (Mutex47719648060448) 0
1385120042.815029721 Thread2557032192 ENTER pthread_mutex_lock (Mutex47719648060448) -
1385120042.815030122 Thread2557032192 EXIT pthread_mutex_lock (Mutex47719648060448) 0
1385120042.815030643 Thread2557032192 ENTER pthread_mutex_unlock (Mutex47719648060448) -
1385120042.815031027 Thread2557032192 EXIT pthread_mutex_unlock (Mutex47719648060448) 0
1385120042.815031858 Thread2557032192 ENTER pthread_mutex_lock (Mutex47719648060448) -
1385120042.815035450 Thread2557032192 EXIT pthread_mutex_lock (Mutex47719648060448) 0
1385120042.815036070 Thread2557032192 ENTER pthread_mutex_unlock (Mutex47719648060448) -
1385120042.815036451 Thread2557032192 EXIT pthread_mutex_unlock (Mutex47719648060448) 0
1385120042.815037630 Thread2557032192 ENTER pthread_mutex_lock (Mutex47719648060448) -
1385120042.815038031 Thread2557032192 EXIT pthread_mutex_lock (Mutex47719648060448) 0
1385120042.815038554 Thread2557032192 ENTER pthread_mutex_unlock (Mutex47719648060448) -
1385120042.815038938 Thread2557032192 EXIT pthread_mutex_unlock (Mutex47719648060448) 0
1385120042.815054639 Thread2559137536 EXIT pthread_cond_wait (Mutex47719648060448) 0
1385120042.815055857 Thread2559137536 ENTER pthread_mutex_lock (Mutex6301792) -
1385120042.815056288 Thread2559137536 EXIT pthread_mutex_lock (Mutex6301792) 0
1385120042.815056883 Thread2559137536 ENTER pthread_mutex_unlock (Mutex6301792) -
1385120042.815057301 Thread2559137536 EXIT pthread_mutex_unlock (Mutex6301792) 0
1385120042.815057899 Thread2559137536 ENTER pthread_mutex_lock (Mutex6301792) -
1385120042.815058286 Thread2559137536 EXIT pthread_mutex_lock (Mutex6301792) 0
1385120042.815058848 Thread2559137536 ENTER pthread_mutex_unlock (Mutex6301792) -
1385120042.815059237 Thread2559137536 EXIT pthread_mutex_unlock (Mutex6301792) 0
1385120042.815264659 Thread2559137536 ENTER pthread_mutex_lock (Mutex6301792) -
1385120042.815265054 Thread2559137536 EXIT pthread_mutex_lock (Mutex6301792) 0
1385120042.815265559 Thread2559137536 ENTER pthread_mutex_unlock (Mutex6301792) -
1385120042.815265950 Thread2559137536 EXIT pthread_mutex_unlock (Mutex6301792) 0
1385120042.815266458 Thread2559137536 ENTER pthread_mutex_lock (Mutex6301792) -
1385120042.815266841 Thread2559137536 EXIT pthread_mutex_lock (Mutex6301792) 0
1385120042.815267394 Thread2559137536 ENTER pthread_mutex_unlock (Mutex6301792) -
1385120042.815267771 Thread2559137536 EXIT pthread_mutex_unlock (Mutex6301792) 0
1385120042.815464472 Thread2559137536 ENTER pthread_mutex_lock (Mutex6301792) -
1385120042.815464850 Thread2559137536 EXIT pthread_mutex_lock (Mutex6301792) 0
1385120042.815465339 Thread2559137536 ENTER pthread_mutex_unlock (Mutex6301792) -
1385120042.815465712 Thread2559137536 EXIT pthread_mutex_unlock (Mutex6301792) 0
1385120042.815466232 Thread2559137536 ENTER pthread_mutex_unlock (Mutex6301792) -
1385120042.815466718 Thread2559137536 EXIT pthread_mutex_unlock (Mutex6301792) 0
1385120042.815502650 Thread2559137536 ENTER pthread_exit ((nil)) -
1385120042.815503716 Thread2559137536 ENTER pthread_mutex_lock (Mutex47719648060448) -
1385120042.815504153 Thread2559137536 EXIT pthread_mutex_lock (Mutex47719648060448) 0
1385120042.815504713 Thread2559137536 ENTER pthread_mutex_unlock (Mutex47719648060448) -
1385120042.815505137 Thread2559137536 EXIT pthread_mutex_unlock (Mutex47719648060448) 0
1385120042.815506695 Thread2559137536 ENTER pthread_mutex_lock (Mutex47719648060448) -
1385120042.815507085 Thread2559137536 EXIT pthread_mutex_lock (Mutex47719648060448) 0
1385120042.815507610 Thread2559137536 ENTER pthread_mutex_unlock (Mutex47719648060448) -
1385120042.815507997 Thread2559137536 EXIT pthread_mutex_unlock (Mutex47719648060448) 0
1385120042.815509091 Thread2559137536 ENTER pthread_mutex_lock (Mutex47719648060448) -
1385120042.815509484 Thread2559137536 EXIT pthread_mutex_lock (Mutex47719648060448) 0
1385120042.815509994 Thread2559137536 ENTER pthread_mutex_unlock (Mutex47719648060448) -
1385120042.815510398 Thread2559137536 EXIT pthread_mutex_unlock (Mutex47719648060448) 0
1385120042.815511366 Thread2559137536 ENTER pthread_mutex_lock (Mutex47719648060448) -
1385120042.815511740 Thread2559137536 EXIT pthread_mutex_lock (Mutex47719648060448) 0
1385120042.815512240 Thread2559137536 ENTER pthread_mutex_unlock (Mutex47719648060448) -
1385120042.815512619 Thread2559137536 EXIT pthread_mutex_unlock (Mutex47719648060448) 0
1385120042.815513597 Thread2559137536 ENTER pthread_mutex_unlock (Mutex6301792) -
1385120042.815514008 Thread2559137536 EXIT pthread_mutex_unlock (Mutex6301792) 1
1385120042.815520046 Thread2559137536 ENTER pthread_mutex_lock (Mutex47719648060448) -
1385120042.815520451 Thread2559137536 EXIT pthread_mutex_lock (Mutex47719648060448) 0
1385120042.815520972 Thread2559137536 ENTER pthread_mutex_unlock (Mutex47719648060448) -
1385120042.815521345 Thread2559137536 EXIT pthread_mutex_unlock (Mutex47719648060448) 0
1385120042.815522366 Thread2559137536 ENTER pthread_mutex_lock (Mutex47719648060448) -
1385120042.815522744 Thread2559137536 EXIT pthread_mutex_lock (Mutex47719648060448) 0
1385120042.815523248 Thread2559137536 ENTER pthread_mutex_unlock (Mutex47719648060448) -
1385120042.815523625 Thread2559137536 EXIT pthread_mutex_unlock (Mutex47719648060448) 0
1385120042.815524459 Thread2559137536 ENTER pthread_mutex_lock (Mutex47719648060448) -
1385120042.815524846 Thread2559137536 EXIT pthread_mutex_lock (Mutex47719648060448) 0
1385120042.815525343 Thread2559137536 ENTER pthread_mutex_unlock (Mutex47719648060448) -
1385120042.815525714 Thread2559137536 EXIT pthread_mutex_unlock (Mutex47719648060448) 0
1385120042.815526527 Thread2559137536 ENTER pthread_mutex_lock (Mutex47719648060448) -
1385120042.815526912 Thread2559137536 EXIT pthread_mutex_lock (Mutex47719648060448) 0
1385120042.815527420 Thread2559137536 ENTER pthread_mutex_unlock (Mutex47719648060448) -
1385120042.815527803 Thread2559137536 EXIT pthread_mutex_unlock (Mutex47719648060448) 0
1385120042.815528729 Thread2559137536 ENTER pthread_mutex_lock (Mutex47719648060448) -
1385120042.815529121 Thread2559137536 EXIT pthread_mutex_lock (Mutex47719648060448) 0
1385120042.815529619 Thread2559137536 ENTER pthread_mutex_unlock (Mutex47719648060448) -
1385120042.815529996 Thread2559137536 EXIT pthread_mutex_unlock (Mutex47719648060448) 0
1385120042.815534981 Thread2554929600 EXIT pthread_join (Mutex47719648060448) 0
