program_name: producer_consumer
1385106318.791188496 Thread2120431360 ENTER pthread_mutex_init (Mutex6296832,(nil)) -
1385106318.791190934 Thread2120431360 EXIT pthread_mutex_init (Mutex6296832,(nil)) 0
1385106318.791225502 Thread2120431360 ENTER pthread_cond_init (Cond6296768,(nil)) -
1385106318.791226902 Thread2120431360 EXIT pthread_cond_init (Cond6296768,(nil)) 0
1385106318.791263685 Thread2120431360 ENTER pthread_cond_init (Cond6296896,(nil)) -
1385106318.791264307 Thread2120431360 EXIT pthread_cond_init (Cond6296896,(nil)) 0
1385106318.791294957 Thread2120431360 ENTER pthread_create (Thread0,(nil),consumer,(nil)) -
1385106318.791313288 Thread2120431360 EXIT pthread_create (Thread2104907520,(nil),consumer,(nil)) 0
1385106318.791316459 Thread2120431360 ENTER pthread_create (Thread0,(nil),producer,(nil)) -
1385106318.791324820 Thread2120431360 EXIT pthread_create (Thread2096514816,(nil),producer,(nil)) 0
1385106318.791326215 Thread2120431360 ENTER pthread_join (Thread2104907520,(nil)) -
1385106318.791366354 Thread2096514816 ENTER pthread_mutex_lock (Mutex6296832) -
1385106318.791367053 Thread2096514816 EXIT pthread_mutex_lock (Mutex6296832) 0
1385106318.791395858 Thread2096514816 ENTER pthread_cond_signal (Cond6296768) -
1385106318.791397495 Thread2096514816 EXIT pthread_cond_signal (Cond6296768) 0
1385106318.791398723 Thread2096514816 ENTER pthread_cond_wait (Cond6296896,Mutex6296832) -
1385106318.791429255 Thread2104907520 ENTER pthread_mutex_lock (Mutex6296832) -
1385106318.791429751 Thread2104907520 EXIT pthread_mutex_lock (Mutex6296832) 0
1385106318.791430366 Thread2104907520 ENTER pthread_cond_signal (Cond6296896) -
1385106318.791431618 Thread2104907520 EXIT pthread_cond_signal (Cond6296896) 0
1385106318.791432265 Thread2104907520 ENTER pthread_cond_wait (Cond6296768,Mutex6296832) -
1385106318.791433581 Thread2096514816 EXIT pthread_cond_wait (Cond6296768,Mutex6296832) 0
1385106318.791435018 Thread2096514816 ENTER pthread_mutex_unlock (Mutex6296832) -
1385106318.791435693 Thread2096514816 EXIT pthread_mutex_unlock (Mutex6296832) 0
1385106318.791436247 Thread2096514816 ENTER pthread_mutex_lock (Mutex6296832) -
1385106318.791436619 Thread2096514816 EXIT pthread_mutex_lock (Mutex6296832) 0
1385106318.791464479 Thread2096514816 ENTER pthread_cond_signal (Cond6296768) -
1385106318.791465431 Thread2096514816 EXIT pthread_cond_signal (Cond6296768) 0
1385106318.791465969 Thread2096514816 ENTER pthread_mutex_unlock (Mutex6296832) -
1385106318.791466394 Thread2096514816 EXIT pthread_mutex_unlock (Mutex6296832) 0
1385106318.791482603 Thread2104907520 EXIT pthread_cond_wait (Mutex6296832) 0
1385106318.791513456 Thread2104907520 ENTER pthread_mutex_unlock (Mutex6296832) -
1385106318.791514145 Thread2104907520 EXIT pthread_mutex_unlock (Mutex6296832) 0
1385106318.791518073 Thread2120431360 EXIT pthread_join (Mutex6296832) 0
1385106318.791519305 Thread2120431360 ENTER pthread_join (Thread2096514816,(nil)) -
1385106318.791519804 Thread2120431360 EXIT pthread_join (Thread2096514816,(nil)) 0
