program_name: thread-pool-server
1385635349.163390213 Threada5742e0 ENTER pthread_mutex_init (Mutex602ae0,request_mutex,0x7fff2011ab40) -
1385635349.163391828 Threada5742e0 EXIT pthread_mutex_init (Mutex602ae0,request_mutex,0x7fff2011ab40) 0
1385635349.163403309 Threada5742e0 ENTER pthread_cond_init (Cond602b20,got_request,(nil)) -
1385635349.163404567 Threada5742e0 EXIT pthread_cond_init (Cond602b20,got_request,(nil)) 0
1385635349.163408448 Threada5742e0 ENTER pthread_create (Thread0,(nil),handle_requests_loop,0x1d11310) -
1385635349.163424858 Threada5742e0 EXIT pthread_create (Threada775700,(nil),handle_requests_loop,0x1d11310) 0
1385635349.163428449 Threada5742e0 ENTER pthread_mutex_lock (Mutex602ae0) -
1385635349.163429080 Threada5742e0 EXIT pthread_mutex_lock (Mutex602ae0) 0
1385635349.163430821 Threada5742e0 ENTER pthread_mutex_unlock (Mutex602ae0) -
1385635349.163431288 Threada5742e0 EXIT pthread_mutex_unlock (Mutex602ae0) 0
1385635349.163432933 Threada5742e0 ENTER pthread_cond_signal (Cond602b20) -
1385635349.163434031 Threada5742e0 EXIT pthread_cond_signal (Cond602b20) 0
1385635349.163435505 Threada5742e0 ENTER pthread_mutex_lock (Mutex602ae0) -
1385635349.163435997 Threada5742e0 EXIT pthread_mutex_lock (Mutex602ae0) 0
1385635349.163437344 Threada5742e0 ENTER pthread_mutex_unlock (Mutex602ae0) -
1385635349.163437724 Threada5742e0 EXIT pthread_mutex_unlock (Mutex602ae0) 0
1385635349.163439723 Threada5742e0 ENTER pthread_mutex_lock (Mutex602ae0) -
1385635349.163440201 Threada5742e0 EXIT pthread_mutex_lock (Mutex602ae0) 0
1385635349.163441546 Threada5742e0 ENTER pthread_mutex_unlock (Mutex602ae0) -
1385635349.163441916 Threada5742e0 EXIT pthread_mutex_unlock (Mutex602ae0) 0
1385635349.163443263 Threada5742e0 ENTER pthread_cond_signal (Cond602b20) -
1385635349.163443744 Threada5742e0 EXIT pthread_cond_signal (Cond602b20) 0
1385635349.163445126 Threada5742e0 ENTER pthread_mutex_lock (Mutex602ae0) -
1385635349.163445591 Threada5742e0 EXIT pthread_mutex_lock (Mutex602ae0) 0
1385635349.163446912 Threada5742e0 ENTER pthread_mutex_unlock (Mutex602ae0) -
1385635349.163447284 Threada5742e0 EXIT pthread_mutex_unlock (Mutex602ae0) 0
1385635349.163448706 Threada5742e0 ENTER pthread_mutex_lock (Mutex602ae0) -
1385635349.163449172 Threada5742e0 EXIT pthread_mutex_lock (Mutex602ae0) 0
1385635349.163450484 Threada5742e0 ENTER pthread_mutex_unlock (Mutex602ae0) -
1385635349.163450846 Threada5742e0 EXIT pthread_mutex_unlock (Mutex602ae0) 0
1385635349.163452174 Threada5742e0 ENTER pthread_cond_signal (Cond602b20) -
1385635349.163452650 Threada5742e0 EXIT pthread_cond_signal (Cond602b20) 0
1385635349.163453964 Threada5742e0 ENTER pthread_mutex_lock (Mutex602ae0) -
1385635349.163454437 Threada5742e0 EXIT pthread_mutex_lock (Mutex602ae0) 0
1385635349.163455759 Threada5742e0 ENTER pthread_mutex_unlock (Mutex602ae0) -
1385635349.163456132 Threada5742e0 EXIT pthread_mutex_unlock (Mutex602ae0) 0
1385635349.163494214 Threada5742e0 ENTER pthread_mutex_lock (Mutex602ae0) -
1385635349.163495061 Threada5742e0 EXIT pthread_mutex_lock (Mutex602ae0) 0
1385635349.163499071 Threada5742e0 ENTER pthread_mutex_unlock (Mutex602ae0) -
1385635349.163499539 Threada5742e0 EXIT pthread_mutex_unlock (Mutex602ae0) 0
1385635349.163501099 Threada5742e0 ENTER pthread_cond_signal (Cond602b20) -
1385635349.163501707 Threada5742e0 EXIT pthread_cond_signal (Cond602b20) 0
1385635349.163503287 Threada5742e0 ENTER pthread_mutex_lock (Mutex602ae0) -
1385635349.163503804 Threada5742e0 EXIT pthread_mutex_lock (Mutex602ae0) 0
1385635349.163505254 Threada5742e0 ENTER pthread_mutex_unlock (Mutex602ae0) -
1385635349.163505668 Threada5742e0 EXIT pthread_mutex_unlock (Mutex602ae0) 0
1385635349.163555272 Threada5742e0 ENTER pthread_create (Thread0,(nil),handle_requests_loop,0x1d11540) -
1385635349.163567911 Threada5742e0 EXIT pthread_create (Threada977700,(nil),handle_requests_loop,0x1d11540) 0
1385635349.163631201 Threada977700 ENTER pthread_mutex_lock (Mutex602ae0) -
1385635349.163631864 Threada977700 EXIT pthread_mutex_lock (Mutex602ae0) 0
1385635349.163635390 Threada977700 ENTER pthread_mutex_lock (Mutex602ae0) -
1385635349.163635927 Threada977700 EXIT pthread_mutex_lock (Mutex602ae0) 0
1385635349.163640294 Threada977700 ENTER pthread_mutex_unlock (Mutex602ae0) -
1385635349.163640768 Threada977700 EXIT pthread_mutex_unlock (Mutex602ae0) 0
1385635349.163642352 Threada977700 ENTER pthread_mutex_lock (Mutex602ae0) -
1385635349.163642822 Threada977700 EXIT pthread_mutex_lock (Mutex602ae0) 0
1385635349.163644192 Threada977700 ENTER pthread_mutex_unlock (Mutex602ae0) -
1385635349.163644585 Threada977700 EXIT pthread_mutex_unlock (Mutex602ae0) 0
1385635349.163847119 Threada977700 ENTER pthread_mutex_lock (Mutex602ae0) -
1385635349.163847595 Threada977700 EXIT pthread_mutex_lock (Mutex602ae0) 0
1385635349.163848979 Threada977700 ENTER pthread_mutex_unlock (Mutex602ae0) -
1385635349.163849345 Threada977700 EXIT pthread_mutex_unlock (Mutex602ae0) 0
1385635349.163850704 Threada977700 ENTER pthread_mutex_lock (Mutex602ae0) -
1385635349.163851170 Threada977700 EXIT pthread_mutex_lock (Mutex602ae0) 0
1385635349.163852508 Threada977700 ENTER pthread_mutex_unlock (Mutex602ae0) -
1385635349.163852913 Threada977700 EXIT pthread_mutex_unlock (Mutex602ae0) 0
1385635349.164044999 Threada977700 ENTER pthread_mutex_lock (Mutex602ae0) -
1385635349.164045463 Threada977700 EXIT pthread_mutex_lock (Mutex602ae0) 0
1385635349.164046805 Threada977700 ENTER pthread_mutex_unlock (Mutex602ae0) -
1385635349.164047168 Threada977700 EXIT pthread_mutex_unlock (Mutex602ae0) 0
1385635349.164048508 Threada977700 ENTER pthread_mutex_lock (Mutex602ae0) -
1385635349.164048975 Threada977700 EXIT pthread_mutex_lock (Mutex602ae0) 0
1385635349.164050448 Threada977700 ENTER pthread_mutex_unlock (Mutex602ae0) -
1385635349.164050928 Threada977700 EXIT pthread_mutex_unlock (Mutex602ae0) 0
1385635349.164679291 Threada5742e0 ENTER pthread_mutex_lock (Mutex602ae0) -
1385635349.164717541 Threada775700 ENTER pthread_mutex_lock (Mutex602ae0) -
1385635349.164923585 Threada977700 ENTER pthread_mutex_lock (Mutex602ae0) -
1385635349.164924148 Threada977700 EXIT pthread_mutex_lock (Mutex602ae0) 0
1385635349.164928062 Threada977700 ENTER pthread_mutex_unlock (Mutex602ae0) -
1385635349.164928551 Threada977700 EXIT pthread_mutex_unlock (Mutex602ae0) 0
1385635349.164930084 Threada977700 ENTER pthread_mutex_lock (Mutex602ae0) -
1385635349.164930569 Threada977700 EXIT pthread_mutex_lock (Mutex602ae0) 0
1385635349.164932066 Threada977700 ENTER pthread_mutex_unlock (Mutex602ae0) -
1385635349.164932480 Threada977700 EXIT pthread_mutex_unlock (Mutex602ae0) 0
1385635349.165144178 Threada977700 ENTER pthread_mutex_lock (Mutex602ae0) -
1385635349.165144203 Threada977700 EXIT pthread_mutex_lock (Mutex602ae0) 0
1385635349.165144228 Threada977700 ENTER pthread_mutex_unlock (Mutex602ae0) -
1385635349.165144253 Threada977700 EXIT pthread_mutex_unlock (Mutex602ae0) 0
1385635349.165144278 Threada977700 ENTER pthread_cond_wait (Cond602b20,Mutex602ae0) -
1385635349.165144328 Threada5742e0 EXIT pthread_mutex_lock (Mutex602ae0) 0
1385635349.165144353 Threada5742e0 ENTER pthread_mutex_unlock (Mutex602ae0) -
1385635349.165144403 Threada5742e0 EXIT pthread_mutex_unlock (Mutex602ae0) 0
1385635349.165144428 Threada5742e0 ENTER pthread_cond_signal (Cond602b20) -
1385635349.165144478 Threada775700 EXIT pthread_mutex_lock (Mutex602ae0) 0
1385635349.165144503 Threada775700 ENTER pthread_mutex_lock (Mutex602ae0) -
1385635349.165144527 Threada775700 EXIT pthread_mutex_lock (Mutex602ae0) 0
1385635349.165144552 Threada775700 ENTER pthread_mutex_unlock (Mutex602ae0) -
1385635349.165144577 Threada775700 EXIT pthread_mutex_unlock (Mutex602ae0) 0
1385635349.165144602 Threada775700 ENTER pthread_mutex_lock (Mutex602ae0) -
1385635349.165144627 Threada775700 EXIT pthread_mutex_lock (Mutex602ae0) 0
1385635349.165144652 Threada775700 ENTER pthread_mutex_unlock (Mutex602ae0) -
1385635349.165144677 Threada775700 EXIT pthread_mutex_unlock (Mutex602ae0) 0
1385635349.165293128 Threada775700 ENTER pthread_mutex_lock (Mutex602ae0) -
1385635349.165294425 Threada775700 EXIT pthread_mutex_lock (Mutex602ae0) 0
1385635349.165298596 Threada775700 ENTER pthread_mutex_unlock (Mutex602ae0) -
1385635349.165299019 Threada775700 EXIT pthread_mutex_unlock (Mutex602ae0) 0
1385635349.165300553 Threada775700 ENTER pthread_cond_wait (Cond602b20,Mutex602ae0) -
1385635349.165303237 Threada5742e0 EXIT pthread_cond_signal (Cond602b20) 0
1385635349.165304844 Threada5742e0 ENTER pthread_mutex_lock (Mutex602ae0) -
1385635349.165306693 Threada5742e0 EXIT pthread_mutex_lock (Mutex602ae0) 0
1385635349.165308239 Threada5742e0 ENTER pthread_mutex_unlock (Mutex602ae0) -
1385635349.165308740 Threada5742e0 EXIT pthread_mutex_unlock (Mutex602ae0) 0
1385635349.165313277 Threada5742e0 ENTER pthread_cancel (Threada775700) -
1385635349.165353873 Threada5742e0 EXIT pthread_cancel (Threada775700) 0
1385635349.165357589 Threada5742e0 ENTER pthread_mutex_lock (Mutex602ae0) -
1385635349.165358104 Threada5742e0 EXIT pthread_mutex_lock (Mutex602ae0) 0
1385635349.165359517 Threada5742e0 ENTER pthread_mutex_unlock (Mutex602ae0) -
1385635349.165359919 Threada5742e0 EXIT pthread_mutex_unlock (Mutex602ae0) 0
1385635349.165361781 Threada5742e0 ENTER pthread_cond_signal (Cond602b20) -
1385635349.165387014 Threada5742e0 EXIT pthread_cond_signal (Cond602b20) 0
1385635349.165389602 Threada5742e0 ENTER pthread_mutex_lock (Mutex602ae0) -
1385635349.165390113 Threada5742e0 EXIT pthread_mutex_lock (Mutex602ae0) 0
1385635349.165391512 Threada5742e0 ENTER pthread_mutex_unlock (Mutex602ae0) -
1385635349.165391911 Threada5742e0 EXIT pthread_mutex_unlock (Mutex602ae0) 0
1385635349.165411467 Threada775700 ENTER pthread_mutex_lock (Mutex2b180aba0420) -
1385635349.165412221 Threada775700 EXIT pthread_mutex_lock (Mutex2b180aba0420) 0
1385635349.165415618 Threada775700 ENTER pthread_mutex_unlock (Mutex2b180aba0420) -
1385635349.165416116 Threada775700 EXIT pthread_mutex_unlock (Mutex2b180aba0420) 0
1385635349.165426135 Threada775700 ENTER pthread_mutex_lock (Mutex2b180aba0420) -
1385635349.165426682 Threada775700 EXIT pthread_mutex_lock (Mutex2b180aba0420) 0
1385635349.165428253 Threada775700 ENTER pthread_mutex_unlock (Mutex2b180aba0420) -
1385635349.165428629 Threada775700 EXIT pthread_mutex_unlock (Mutex2b180aba0420) 0
1385635349.165433158 Threada775700 ENTER pthread_mutex_lock (Mutex2b180aba0420) -
1385635349.165433683 Threada775700 EXIT pthread_mutex_lock (Mutex2b180aba0420) 0
1385635349.165435062 Threada775700 ENTER pthread_mutex_unlock (Mutex2b180aba0420) -
1385635349.165435447 Threada775700 EXIT pthread_mutex_unlock (Mutex2b180aba0420) 0
1385635349.165437201 Threada775700 ENTER pthread_mutex_lock (Mutex2b180aba0420) -
1385635349.165437704 Threada775700 EXIT pthread_mutex_lock (Mutex2b180aba0420) 0
1385635349.165439037 Threada775700 ENTER pthread_mutex_unlock (Mutex2b180aba0420) -
1385635349.165439415 Threada775700 EXIT pthread_mutex_unlock (Mutex2b180aba0420) 0
1385635349.165448051 Threada775700 ENTER pthread_mutex_lock (Mutex2b180aba0420) -
1385635349.165448562 Threada775700 EXIT pthread_mutex_lock (Mutex2b180aba0420) 0
1385635349.165450003 Threada775700 ENTER pthread_mutex_unlock (Mutex2b180aba0420) -
1385635349.165450390 Threada775700 EXIT pthread_mutex_unlock (Mutex2b180aba0420) 0
1385635349.165452440 Threada775700 ENTER pthread_mutex_lock (Mutex2b180aba0420) -
1385635349.165452936 Threada775700 EXIT pthread_mutex_lock (Mutex2b180aba0420) 0
1385635349.165454290 Threada775700 ENTER pthread_mutex_unlock (Mutex2b180aba0420) -
1385635349.165454677 Threada775700 EXIT pthread_mutex_unlock (Mutex2b180aba0420) 0
1385635349.165456697 Threada775700 ENTER pthread_mutex_lock (Mutex2b180aba0420) -
1385635349.165457202 Threada775700 EXIT pthread_mutex_lock (Mutex2b180aba0420) 0
1385635349.165458544 Threada775700 ENTER pthread_mutex_unlock (Mutex2b180aba0420) -
1385635349.165458931 Threada775700 EXIT pthread_mutex_unlock (Mutex2b180aba0420) 0
1385635349.165461538 Threada775700 ENTER pthread_mutex_unlock (Mutex602ae0) -
1385635349.165462069 Threada775700 EXIT pthread_mutex_unlock (Mutex602ae0) 0
1385635349.165463944 Threada775700 ENTER pthread_mutex_lock (Mutex2b180aba0420) -
1385635349.165464430 Threada775700 EXIT pthread_mutex_lock (Mutex2b180aba0420) 0
1385635349.165468427 Threada775700 ENTER pthread_mutex_unlock (Mutex2b180aba0420) -
1385635349.165468880 Threada775700 EXIT pthread_mutex_unlock (Mutex2b180aba0420) 0
1385635349.165470891 Threada775700 ENTER pthread_mutex_lock (Mutex2b180aba0420) -
1385635349.165471390 Threada775700 EXIT pthread_mutex_lock (Mutex2b180aba0420) 0
1385635349.165472747 Threada775700 ENTER pthread_mutex_unlock (Mutex2b180aba0420) -
1385635349.165473129 Threada775700 EXIT pthread_mutex_unlock (Mutex2b180aba0420) 0
1385635349.165474935 Threada775700 ENTER pthread_mutex_lock (Mutex2b180aba0420) -
1385635349.165475434 Threada775700 EXIT pthread_mutex_lock (Mutex2b180aba0420) 0
1385635349.165476789 Threada775700 ENTER pthread_mutex_unlock (Mutex2b180aba0420) -
1385635349.165477178 Threada775700 EXIT pthread_mutex_unlock (Mutex2b180aba0420) 0
1385635349.165478838 Threada775700 ENTER pthread_mutex_lock (Mutex2b180aba0420) -
1385635349.165479338 Threada775700 EXIT pthread_mutex_lock (Mutex2b180aba0420) 0
1385635349.165480698 Threada775700 ENTER pthread_mutex_unlock (Mutex2b180aba0420) -
1385635349.165481093 Threada775700 EXIT pthread_mutex_unlock (Mutex2b180aba0420) 0
1385635349.165483195 Threada775700 ENTER pthread_mutex_lock (Mutex2b180aba0420) -
1385635349.165483700 Threada775700 EXIT pthread_mutex_lock (Mutex2b180aba0420) 0
1385635349.165485075 Threada775700 ENTER pthread_mutex_unlock (Mutex2b180aba0420) -
1385635349.165485474 Threada775700 EXIT pthread_mutex_unlock (Mutex2b180aba0420) 0
1385635349.165505046 Threada977700 EXIT pthread_cond_wait (Cond602b20,Mutex602ae0) 0
1385635349.165507318 Threada977700 ENTER pthread_mutex_lock (Mutex602ae0) -
1385635349.165507836 Threada977700 EXIT pthread_mutex_lock (Mutex602ae0) 0
1385635349.165509233 Threada977700 ENTER pthread_mutex_unlock (Mutex602ae0) -
1385635349.165509663 Threada977700 EXIT pthread_mutex_unlock (Mutex602ae0) 0
1385635349.165511034 Threada977700 ENTER pthread_mutex_lock (Mutex602ae0) -
1385635349.165511495 Threada977700 EXIT pthread_mutex_lock (Mutex602ae0) 0
1385635349.165512842 Threada977700 ENTER pthread_mutex_unlock (Mutex602ae0) -
1385635349.165513219 Threada977700 EXIT pthread_mutex_unlock (Mutex602ae0) 0
1385635349.165705546 Threada977700 ENTER pthread_mutex_lock (Mutex602ae0) -
1385635349.165706012 Threada977700 EXIT pthread_mutex_lock (Mutex602ae0) 0
1385635349.165707351 Threada977700 ENTER pthread_mutex_unlock (Mutex602ae0) -
1385635349.165707722 Threada977700 EXIT pthread_mutex_unlock (Mutex602ae0) 0
1385635349.165709163 Threada977700 ENTER pthread_cond_wait (Cond602b20,Mutex602ae0) -
1385635349.165714982 Threada5742e0 ENTER pthread_mutex_lock (Mutex602ae0) -
1385635349.165715006 Threada5742e0 EXIT pthread_mutex_lock (Mutex602ae0) 0
1385635349.165715031 Threada5742e0 ENTER pthread_mutex_unlock (Mutex602ae0) -
1385635349.165715056 Threada5742e0 EXIT pthread_mutex_unlock (Mutex602ae0) 0
1385635349.165715081 Threada5742e0 ENTER pthread_cond_signal (Cond602b20) -
1385635349.165715131 Threada5742e0 EXIT pthread_cond_signal (Cond602b20) 0
1385635349.165715156 Threada5742e0 ENTER pthread_mutex_lock (Mutex602ae0) -
1385635349.165715181 Threada5742e0 EXIT pthread_mutex_lock (Mutex602ae0) 0
1385635349.165715206 Threada5742e0 ENTER pthread_mutex_unlock (Mutex602ae0) -
1385635349.165715231 Threada5742e0 EXIT pthread_mutex_unlock (Mutex602ae0) 0
1385635349.165715256 Threada5742e0 ENTER pthread_mutex_lock (Mutex602ae0) -
1385635349.165715281 Threada5742e0 EXIT pthread_mutex_lock (Mutex602ae0) 0
1385635349.165715306 Threada5742e0 ENTER pthread_mutex_unlock (Mutex602ae0) -
1385635349.165715331 Threada5742e0 EXIT pthread_mutex_unlock (Mutex602ae0) 0
1385635349.165715356 Threada5742e0 ENTER pthread_cond_signal (Cond602b20) -
1385635349.165715380 Threada5742e0 EXIT pthread_cond_signal (Cond602b20) 0
1385635349.165715405 Threada5742e0 ENTER pthread_mutex_lock (Mutex602ae0) -
1385635349.165715430 Threada5742e0 EXIT pthread_mutex_lock (Mutex602ae0) 0
1385635349.165715455 Threada5742e0 ENTER pthread_mutex_unlock (Mutex602ae0) -
1385635349.165715480 Threada5742e0 EXIT pthread_mutex_unlock (Mutex602ae0) 0
1385635349.165715505 Threada5742e0 ENTER pthread_mutex_lock (Mutex602ae0) -
1385635349.165715530 Threada5742e0 EXIT pthread_mutex_lock (Mutex602ae0) 0
1385635349.165715555 Threada5742e0 ENTER pthread_cond_broadcast (Cond602b20) -
1385635349.165715580 Threada5742e0 EXIT pthread_cond_broadcast (Cond602b20) 0
1385635349.165715605 Threada5742e0 ENTER pthread_mutex_unlock (Mutex602ae0) -
1385635349.165715630 Threada5742e0 EXIT pthread_mutex_unlock (Mutex602ae0) 0
1385635349.165715655 Threada5742e0 ENTER pthread_join (Threada977700,0x7fff2011ab10->0xffffffff) -
1385635349.165715705 Threada977700 EXIT pthread_cond_wait (Cond602b20,Mutex602ae0) 0
1385635349.165715730 Threada977700 ENTER pthread_mutex_lock (Mutex602ae0) -
1385635349.165715754 Threada977700 EXIT pthread_mutex_lock (Mutex602ae0) 0
1385635349.165715779 Threada977700 ENTER pthread_mutex_unlock (Mutex602ae0) -
1385635349.165715804 Threada977700 EXIT pthread_mutex_unlock (Mutex602ae0) 0
1385635349.165715829 Threada977700 ENTER pthread_mutex_lock (Mutex602ae0) -
1385635349.165715854 Threada977700 EXIT pthread_mutex_lock (Mutex602ae0) 0
1385635349.165715879 Threada977700 ENTER pthread_mutex_unlock (Mutex602ae0) -
1385635349.165715904 Threada977700 EXIT pthread_mutex_unlock (Mutex602ae0) 0
1385635349.165771399 Threada977700 ENTER pthread_mutex_lock (Mutex602ae0) -
1385635349.165772627 Threada977700 EXIT pthread_mutex_lock (Mutex602ae0) 0
1385635349.165773982 Threada977700 ENTER pthread_mutex_unlock (Mutex602ae0) -
1385635349.165774332 Threada977700 EXIT pthread_mutex_unlock (Mutex602ae0) 0
1385635349.165775663 Threada977700 ENTER pthread_mutex_lock (Mutex602ae0) -
1385635349.165776121 Threada977700 EXIT pthread_mutex_lock (Mutex602ae0) 0
1385635349.165777451 Threada977700 ENTER pthread_mutex_unlock (Mutex602ae0) -
1385635349.165777815 Threada977700 EXIT pthread_mutex_unlock (Mutex602ae0) 0
1385635349.165969644 Threada977700 ENTER pthread_mutex_lock (Mutex602ae0) -
1385635349.165970110 Threada977700 EXIT pthread_mutex_lock (Mutex602ae0) 0
1385635349.165971409 Threada977700 ENTER pthread_mutex_unlock (Mutex602ae0) -
1385635349.165971768 Threada977700 EXIT pthread_mutex_unlock (Mutex602ae0) 0
1385635349.165973106 Threada977700 ENTER pthread_mutex_unlock (Mutex602ae0) -
1385635349.165973652 Threada977700 EXIT pthread_mutex_unlock (Mutex602ae0) 0
1385635349.166012933 Threada977700 ENTER pthread_exit ((nil)) -
1385635349.166013945 Threada977700 ENTER pthread_mutex_lock (Mutex2b180aba0420) -
1385635349.166014500 Threada977700 EXIT pthread_mutex_lock (Mutex2b180aba0420) 0
1385635349.166016766 Threada977700 ENTER pthread_mutex_unlock (Mutex2b180aba0420) -
1385635349.166017200 Threada977700 EXIT pthread_mutex_unlock (Mutex2b180aba0420) 0
1385635349.166019948 Threada977700 ENTER pthread_mutex_lock (Mutex2b180aba0420) -
1385635349.166020477 Threada977700 EXIT pthread_mutex_lock (Mutex2b180aba0420) 0
1385635349.166021985 Threada977700 ENTER pthread_mutex_unlock (Mutex2b180aba0420) -
1385635349.166022366 Threada977700 EXIT pthread_mutex_unlock (Mutex2b180aba0420) 0
1385635349.166024312 Threada977700 ENTER pthread_mutex_lock (Mutex2b180aba0420) -
1385635349.166024799 Threada977700 EXIT pthread_mutex_lock (Mutex2b180aba0420) 0
1385635349.166026153 Threada977700 ENTER pthread_mutex_unlock (Mutex2b180aba0420) -
1385635349.166026515 Threada977700 EXIT pthread_mutex_unlock (Mutex2b180aba0420) 0
1385635349.166028276 Threada977700 ENTER pthread_mutex_lock (Mutex2b180aba0420) -
1385635349.166028758 Threada977700 EXIT pthread_mutex_lock (Mutex2b180aba0420) 0
1385635349.166030118 Threada977700 ENTER pthread_mutex_unlock (Mutex2b180aba0420) -
1385635349.166030491 Threada977700 EXIT pthread_mutex_unlock (Mutex2b180aba0420) 0
1385635349.166032375 Threada977700 ENTER pthread_mutex_unlock (Mutex602ae0) -
1385635349.166032814 Threada977700 EXIT pthread_mutex_unlock (Mutex602ae0) 1
1385635349.166034237 Threada977700 ENTER pthread_mutex_lock (Mutex2b180aba0420) -
1385635349.166034703 Threada977700 EXIT pthread_mutex_lock (Mutex2b180aba0420) 0
1385635349.166038159 Threada977700 ENTER pthread_mutex_unlock (Mutex2b180aba0420) -
1385635349.166038571 Threada977700 EXIT pthread_mutex_unlock (Mutex2b180aba0420) 0
1385635349.166040472 Threada977700 ENTER pthread_mutex_lock (Mutex2b180aba0420) -
1385635349.166040950 Threada977700 EXIT pthread_mutex_lock (Mutex2b180aba0420) 0
1385635349.166042285 Threada977700 ENTER pthread_mutex_unlock (Mutex2b180aba0420) -
1385635349.166042650 Threada977700 EXIT pthread_mutex_unlock (Mutex2b180aba0420) 0
1385635349.166044282 Threada977700 ENTER pthread_mutex_lock (Mutex2b180aba0420) -
1385635349.166044768 Threada977700 EXIT pthread_mutex_lock (Mutex2b180aba0420) 0
1385635349.166046100 Threada977700 ENTER pthread_mutex_unlock (Mutex2b180aba0420) -
1385635349.166046462 Threada977700 EXIT pthread_mutex_unlock (Mutex2b180aba0420) 0
1385635349.166048111 Threada977700 ENTER pthread_mutex_lock (Mutex2b180aba0420) -
1385635349.166048589 Threada977700 EXIT pthread_mutex_lock (Mutex2b180aba0420) 0
1385635349.166049930 Threada977700 ENTER pthread_mutex_unlock (Mutex2b180aba0420) -
1385635349.166050301 Threada977700 EXIT pthread_mutex_unlock (Mutex2b180aba0420) 0
1385635349.166052084 Threada977700 ENTER pthread_mutex_lock (Mutex2b180aba0420) -
1385635349.166052564 Threada977700 EXIT pthread_mutex_lock (Mutex2b180aba0420) 0
1385635349.166053912 Threada977700 ENTER pthread_mutex_unlock (Mutex2b180aba0420) -
1385635349.166054275 Threada977700 EXIT pthread_mutex_unlock (Mutex2b180aba0420) 0
1385635349.166061465 Threada5742e0 EXIT pthread_join (Threada977700,0x7fff2011ab10->(nil)) 0
